<?xml version="1.0" encoding="UTF-8"?>
<!-- Generated by org.testng.reporters.JUnitXMLReporter -->
<testsuite hostname="1-PC" ignored="0" name="test-search" tests="1" failures="0" timestamp="22 十一月 2017 09:00:28 GMT" time="87.313" errors="0">
  <testcase name="verifyLogin" time="83.446" classname="Project.TestSearch"/>
</testsuite> <!-- test-search -->
