<?xml version="1.0" encoding="UTF-8"?>
<!-- Generated by org.testng.reporters.JUnitXMLReporter -->
<testsuite hostname="1-PC" ignored="0" name="test-account" tests="6" failures="0" timestamp="22 十一月 2017 13:00:45 GMT" time="147.025" errors="0">
  <testcase name="verifyLogin" time="5.443" classname="Project.TestAccount"/>
  <testcase name="verifyLogin" time="5.647" classname="Project.TestAccount"/>
  <testcase name="verifyLogin" time="11.159" classname="Project.TestAccount"/>
  <testcase name="verifyLogin" time="5.488" classname="Project.TestAccount"/>
  <testcase name="verifyLogin" time="5.447" classname="Project.TestAccount"/>
  <testcase name="verifyLogin" time="5.424" classname="Project.TestAccount"/>
</testsuite> <!-- test-account -->
