<?xml version="1.0" encoding="UTF-8"?>
<!-- Generated by org.testng.reporters.JUnitXMLReporter -->
<testsuite hostname="1-PC" ignored="0" name="test-delete" tests="1" failures="0" timestamp="24 十一月 2017 09:27:52 GMT" time="87.298" errors="0">
  <testcase name="delete" time="84.37" classname="Project.TestDelete"/>
</testsuite> <!-- test-delete -->
