<?xml version="1.0" encoding="UTF-8"?>
<!-- Generated by org.testng.reporters.JUnitXMLReporter -->
<testsuite hostname="1-PC" ignored="0" name="test-send" tests="1" failures="0" timestamp="22 十一月 2017 09:43:05 GMT" time="166.492" errors="0">
  <testcase name="verifyLogin" time="161.949" classname="Project.TestSend"/>
</testsuite> <!-- test-send -->
