<?xml version="1.0" encoding="UTF-8"?>
<!-- Generated by org.testng.reporters.JUnitXMLReporter -->
<testsuite hostname="1-PC" ignored="0" name="test-depend" tests="1" failures="0" timestamp="22 十一月 2017 08:16:46 GMT" time="85.627" errors="0">
  <testcase name="verifySearch" time="85.61" classname="selenium2.DependTest"/>
</testsuite> <!-- test-depend -->
