<?xml version="1.0" encoding="UTF-8"?>
<!-- Generated by org.testng.reporters.JUnitXMLReporter -->
<testsuite hostname="1-PC" ignored="0" name="test-login" tests="1" failures="1" timestamp="22 十一月 2017 12:05:50 GMT" time="36.994" errors="0">
  <testcase name="verifyLogin" time="33.126" classname="Project.TestLogin">
    <failure type="java.lang.NullPointerException">
      <![CDATA[java.lang.NullPointerException
	at Project.TestLogin.verifyLogin(TestLogin.java:33)
... Removed 25 stack frames]]>
    </failure>
  </testcase> <!-- verifyLogin -->
</testsuite> <!-- test-login -->
