<?xml version="1.0" encoding="UTF-8"?>
<!-- Generated by org.testng.reporters.JUnitReportReporter -->
<testsuite skipped="0" hostname="1-PC" name="testng.TestClass" tests="1" failures="0" timestamp="20 十一月 2017 08:51:59 GMT" time="0.004" errors="0">
  <testcase name="f" time="0.004" classname="testng.TestClass"/>
</testsuite> <!-- testng.TestClass -->
