<?xml version="1.0" encoding="UTF-8"?>
<!-- Generated by org.testng.reporters.JUnitReportReporter -->
<testsuite skipped="0" hostname="1-PC" name="testng.group.TestClassGroup" tests="2" failures="0" timestamp="21 十一月 2017 06:54:34 GMT" time="0.002" errors="0">
  <testcase name="fun1" time="0.001" classname="testng.group.TestClassGroup"/>
  <testcase name="fun2" time="0.001" classname="testng.group.TestClassGroup"/>
</testsuite> <!-- testng.group.TestClassGroup -->
