<?xml version="1.0" encoding="UTF-8"?>
<!-- Generated by org.testng.reporters.JUnitReportReporter -->
<testsuite skipped="0" hostname="MS-20120726QNUH" name="testng.TestDemoFormal" tests="2" failures="0" timestamp="20 十一月 2017 12:53:11 GMT" time="0.018" errors="0">
  <testcase name="run1" time="0.015" classname="testng.TestDemoFormal"/>
  <testcase name="run2" time="0.003" classname="testng.TestDemoFormal"/>
</testsuite> <!-- testng.TestDemoFormal -->
