<?xml version="1.0" encoding="UTF-8"?>
<!-- Generated by org.testng.reporters.JUnitReportReporter -->
<testsuite skipped="0" hostname="1-PC" name="thread.MutiThread" tests="3" failures="0" timestamp="22 十一月 2017 03:33:28 GMT" time="0.042" errors="0">
  <testcase name="fun1" time="0.010" classname="thread.MutiThread"/>
  <testcase name="fun1" time="0.020" classname="thread.MutiThread"/>
  <testcase name="fun1" time="0.012" classname="thread.MutiThread"/>
</testsuite> <!-- thread.MutiThread -->
