<?xml version="1.0" encoding="UTF-8"?>
<!-- Generated by org.testng.reporters.JUnitReportReporter -->
<testsuite skipped="0" hostname="1-PC" name="param.CharUtilsTest" tests="24" failures="0" timestamp="22 十一月 2017 12:55:42 GMT" time="0.045" errors="0">
  <testcase name="CharToASCIITest" time="0.001" classname="param.CharUtilsTest"/>
  <testcase name="CharToASCIITest" time="0.001" classname="param.CharUtilsTest"/>
  <testcase name="ASCIIToCharTest" time="0.001" classname="param.CharUtilsTest"/>
  <testcase name="ASCIIToCharTest" time="0.001" classname="param.CharUtilsTest"/>
  <testcase name="CharToASCIITest" time="0.001" classname="param.CharUtilsTest"/>
  <testcase name="CharToASCIITest" time="0.000" classname="param.CharUtilsTest"/>
  <testcase name="ASCIIToCharTest" time="0.000" classname="param.CharUtilsTest"/>
  <testcase name="CharToASCIITest" time="0.001" classname="param.CharUtilsTest"/>
  <testcase name="ASCIIToCharTest" time="0.010" classname="param.CharUtilsTest"/>
  <testcase name="ASCIIToCharTest" time="0.001" classname="param.CharUtilsTest"/>
  <testcase name="CharToASCIITest" time="0.001" classname="param.CharUtilsTest"/>
  <testcase name="ASCIIToCharTest" time="0.003" classname="param.CharUtilsTest"/>
  <testcase name="CharToASCIITest" time="0.001" classname="param.CharUtilsTest"/>
  <testcase name="CharToASCIITest" time="0.002" classname="param.CharUtilsTest"/>
  <testcase name="CharToASCIITest" time="0.001" classname="param.CharUtilsTest"/>
  <testcase name="ASCIIToCharTest" time="0.005" classname="param.CharUtilsTest"/>
  <testcase name="CharToASCIITest" time="0.001" classname="param.CharUtilsTest"/>
  <testcase name="ASCIIToCharTest" time="0.003" classname="param.CharUtilsTest"/>
  <testcase name="CharToASCIITest" time="0.001" classname="param.CharUtilsTest"/>
  <testcase name="ASCIIToCharTest" time="0.001" classname="param.CharUtilsTest"/>
  <testcase name="ASCIIToCharTest" time="0.002" classname="param.CharUtilsTest"/>
  <testcase name="ASCIIToCharTest" time="0.004" classname="param.CharUtilsTest"/>
  <testcase name="CharToASCIITest" time="0.002" classname="param.CharUtilsTest"/>
  <testcase name="ASCIIToCharTest" time="0.001" classname="param.CharUtilsTest"/>
</testsuite> <!-- param.CharUtilsTest -->
