<?xml version="1.0" encoding="UTF-8"?>
<!-- Generated by org.testng.reporters.JUnitReportReporter -->
<testsuite skipped="0" hostname="1-PC" name="testng.TestDemo" tests="2" failures="0" timestamp="20 十一月 2017 08:51:59 GMT" time="0.003" errors="0">
  <testcase name="run1" time="0.002" classname="testng.TestDemo"/>
  <testcase name="run2" time="0.001" classname="testng.TestDemo"/>
</testsuite> <!-- testng.TestDemo -->
