<?xml version="1.0" encoding="UTF-8"?>
<!-- Generated by org.testng.reporters.JUnitReportReporter -->
<testsuite skipped="0" hostname="1-PC" name="Project.TestAccount" tests="6" failures="0" timestamp="22 十一月 2017 13:00:45 GMT" time="146.996" errors="0">
  <testcase name="verifyLogin" time="29.851" classname="Project.TestAccount"/>
  <testcase name="verifyLogin" time="22.179" classname="Project.TestAccount"/>
  <testcase name="verifyLogin" time="21.864" classname="Project.TestAccount"/>
  <testcase name="verifyLogin" time="21.232" classname="Project.TestAccount"/>
  <testcase name="verifyLogin" time="23.122" classname="Project.TestAccount"/>
  <testcase name="verifyLogin" time="28.748" classname="Project.TestAccount"/>
</testsuite> <!-- Project.TestAccount -->
