<?xml version="1.0" encoding="UTF-8"?>
<!-- Generated by org.testng.reporters.JUnitReportReporter -->
<testsuite skipped="0" hostname="1-PC" name="testng.group.TestMethodGroup" tests="2" failures="0" timestamp="21 十一月 2017 06:54:34 GMT" time="0.005" errors="0">
  <testcase name="runSelenium" time="0.005" classname="testng.group.TestMethodGroup"/>
  <testcase name="runSelenium1" time="0.000" classname="testng.group.TestMethodGroup"/>
</testsuite> <!-- testng.group.TestMethodGroup -->
