<?xml version="1.0" encoding="UTF-8"?>
<!-- Generated by org.testng.reporters.JUnitReportReporter -->
<testsuite skipped="0" hostname="1-PC" name="selenium2.DependTest" tests="1" failures="0" timestamp="22 十一月 2017 08:16:46 GMT" time="85.610" errors="0">
  <testcase name="verifySearch" time="85.610" classname="selenium2.DependTest"/>
</testsuite> <!-- selenium2.DependTest -->
