<?xml version="1.0" encoding="UTF-8"?>
<!-- Generated by org.testng.reporters.JUnitReportReporter -->
<testsuite skipped="0" hostname="MS-20120726QNUH" name="param.TestParams" tests="3" failures="0" timestamp="21 十一月 2017 14:46:15 GMT" time="0.047" errors="0">
  <testcase name="paramsTest" time="0.040" classname="param.TestParams"/>
  <testcase name="paramsTest" time="0.004" classname="param.TestParams"/>
  <testcase name="paramsTest" time="0.003" classname="param.TestParams"/>
</testsuite> <!-- param.TestParams -->
