<?xml version="1.0" encoding="UTF-8"?>
<!-- Generated by org.testng.reporters.JUnitReportReporter -->
<testsuite skipped="0" hostname="1-PC" name="testng.TestDemoFormal" tests="1" failures="0" timestamp="21 十一月 2017 05:04:39 GMT" time="0.009" errors="0">
  <testcase name="run1" time="0.009" classname="testng.TestDemoFormal"/>
</testsuite> <!-- testng.TestDemoFormal -->
