<?xml version="1.0" encoding="UTF-8"?>
<!-- Generated by org.testng.reporters.JUnitReportReporter -->
<testsuite skipped="0" hostname="1-PC" name="testng.TestExceptioon" tests="1" failures="0" timestamp="21 十一月 2017 06:00:18 GMT" time="0.007" errors="0">
  <testcase name="testExce1" time="0.007" classname="testng.TestExceptioon"/>
</testsuite> <!-- testng.TestExceptioon -->
