<?xml version="1.0" encoding="UTF-8"?>
<!-- Generated by org.testng.reporters.JUnitReportReporter -->
<testsuite skipped="0" hostname="MS-20120726QNUH" name="testng.TestClassGroup" tests="1" failures="0" timestamp="20 十一月 2017 12:53:11 GMT" time="0.004" errors="0">
  <testcase name="f" time="0.004" classname="testng.TestClassGroup"/>
</testsuite> <!-- testng.TestClassGroup -->
