<?xml version="1.0" encoding="UTF-8"?>
<!-- Generated by org.testng.reporters.JUnitReportReporter -->
<testsuite skipped="0" hostname="1-PC" name="depend.MethodPassed" tests="2" failures="0" timestamp="21 十一月 2017 07:32:43 GMT" time="0.010" errors="0">
  <testcase name="fun2" time="0.002" classname="depend.MethodPassed"/>
  <testcase name="fun1" time="0.008" classname="depend.MethodPassed"/>
</testsuite> <!-- depend.MethodPassed -->
