<?xml version="1.0" encoding="UTF-8"?>
<!-- Generated by org.testng.reporters.JUnitReportReporter -->
<testsuite skipped="0" hostname="1-PC" name="seleniumChapter9.TestBaidu" tests="1" failures="0" timestamp="22 十一月 2017 03:36:42 GMT" time="5.928" errors="0">
  <testcase name="testCase" time="5.928" classname="seleniumChapter9.TestBaidu"/>
</testsuite> <!-- seleniumChapter9.TestBaidu -->
