<?xml version="1.0" encoding="UTF-8"?>
<!-- Generated by org.testng.reporters.JUnitReportReporter -->
<testsuite skipped="0" hostname="MS-20120726QNUH" name="param.TestParams3Map" tests="1" failures="0" timestamp="21 十一月 2017 15:10:38 GMT" time="0.040" errors="0">
  <testcase name="paramsMapTest" time="0.040" classname="param.TestParams3Map"/>
</testsuite> <!-- param.TestParams3Map -->
