<?xml version="1.0" encoding="UTF-8"?>
<!-- Generated by org.testng.reporters.JUnitReportReporter -->
<testsuite skipped="0" hostname="1-PC" name="Project.TestSend" tests="1" failures="0" timestamp="22 十一月 2017 09:43:05 GMT" time="166.475" errors="0">
  <testcase name="verifyLogin" time="166.475" classname="Project.TestSend"/>
</testsuite> <!-- Project.TestSend -->
