<?xml version="1.0" encoding="UTF-8"?>
<!-- Generated by org.testng.reporters.JUnitReportReporter -->
<testsuite skipped="0" hostname="1-PC" name="Project.TestDelete" tests="1" failures="0" timestamp="24 十一月 2017 09:27:52 GMT" time="87.274" errors="0">
  <testcase name="delete" time="87.274" classname="Project.TestDelete"/>
</testsuite> <!-- Project.TestDelete -->
