<?xml version="1.0" encoding="UTF-8"?>
<!-- Generated by org.testng.reporters.JUnitReportReporter -->
<testsuite skipped="0" hostname="1-PC" name="Project.TestAccount" tests="4" failures="0" timestamp="24 十一月 2017 02:58:11 GMT" time="91.482" errors="0">
  <testcase name="verifyLogin" time="20.034" classname="Project.TestAccount"/>
  <testcase name="verifyLogin" time="21.814" classname="Project.TestAccount"/>
  <testcase name="verifyLogin" time="23.840" classname="Project.TestAccount"/>
  <testcase name="verifyLogin" time="25.794" classname="Project.TestAccount"/>
</testsuite> <!-- Project.TestAccount -->
