<?xml version="1.0" encoding="UTF-8"?>
<!-- Generated by org.testng.reporters.JUnitReportReporter -->
<testsuite skipped="0" hostname="1-PC" name="Project.TestSearch" tests="1" failures="0" timestamp="22 十一月 2017 09:00:28 GMT" time="87.288" errors="0">
  <testcase name="verifyLogin" time="87.288" classname="Project.TestSearch"/>
</testsuite> <!-- Project.TestSearch -->
