<?xml version="1.0" encoding="UTF-8"?>
<!-- Generated by org.testng.reporters.JUnitReportReporter -->
<testsuite skipped="0" hostname="1-PC" name="testng.TestDemoFormal" tests="2" failures="0" timestamp="20 十一月 2017 09:39:05 GMT" time="0.006" errors="0">
  <testcase name="run1" time="0.005" classname="testng.TestDemoFormal"/>
  <testcase name="run2" time="0.001" classname="testng.TestDemoFormal"/>
</testsuite> <!-- testng.TestDemoFormal -->
