<?xml version="1.0" encoding="UTF-8"?>
<!-- Generated by org.testng.reporters.JUnitReportReporter -->
<testsuite skipped="0" hostname="1-PC" name="testng.TestSuite" tests="1" failures="0" timestamp="20 十一月 2017 09:39:05 GMT" time="0.002" errors="0">
  <testcase name="run" time="0.002" classname="testng.TestSuite"/>
</testsuite> <!-- testng.TestSuite -->
